0 info it worked if it ends with ok
1 verbose cli [ 'C:\\Program Files\\nodejs\\node.exe',
1 verbose cli   'C:\\Program Files\\nodejs\\node_modules\\npm\\bin\\npm-cli.js',
1 verbose cli   'run',
1 verbose cli   'compile' ]
2 info using npm@3.10.10
3 info using node@v6.11.5
4 verbose run-script [ 'precompile', 'compile', 'postcompile' ]
5 info lifecycle uikit@3.0.0-beta.37~precompile: uikit@3.0.0-beta.37
6 silly lifecycle uikit@3.0.0-beta.37~precompile: no script for precompile, continuing
7 info lifecycle uikit@3.0.0-beta.37~compile: uikit@3.0.0-beta.37
8 verbose lifecycle uikit@3.0.0-beta.37~compile: unsafe-perm in lifecycle true
9 verbose lifecycle uikit@3.0.0-beta.37~compile: PATH: C:\Program Files\nodejs\node_modules\npm\bin\node-gyp-bin;C:\Users\brian\Desktop\demo\uikit\node_modules\.bin;C:\WINDOWS\system32;C:\WINDOWS;C:\WINDOWS\System32\Wbem;C:\WINDOWS\System32\WindowsPowerShell\v1.0\;C:\Program Files (x86)\GtkSharp\2.12\bin;C:\Program Files (x86)\NVIDIA Corporation\PhysX\Common;C:\Program Files\nodejs\;C:\WINDOWS\system32;C:\WINDOWS;C:\WINDOWS\System32\Wbem;C:\WINDOWS\System32\WindowsPowerShell\v1.0\;C:\Program Files\Git\cmd;C:\Users\brian\AppData\Local\Microsoft\WindowsApps;C:\Users\brian\AppData\Roaming\npm;C:\Users\brian\AppData\Local\atom\bin;C:\Program Files\Microsoft VS Code\bin;C:\Users\brian\AppData\Local\GitHubDesktop\bin
10 verbose lifecycle uikit@3.0.0-beta.37~compile: CWD: C:\Users\brian\Desktop\demo\uikit
11 silly lifecycle uikit@3.0.0-beta.37~compile: Args: [ '/d /s /c', 'npm run compile-less && npm run compile-js' ]
12 silly lifecycle uikit@3.0.0-beta.37~compile: Returned: code: 1  signal: null
13 info lifecycle uikit@3.0.0-beta.37~compile: Failed to exec compile script
14 verbose stack Error: uikit@3.0.0-beta.37 compile: `npm run compile-less && npm run compile-js`
14 verbose stack Exit status 1
14 verbose stack     at EventEmitter.<anonymous> (C:\Program Files\nodejs\node_modules\npm\lib\utils\lifecycle.js:255:16)
14 verbose stack     at emitTwo (events.js:106:13)
14 verbose stack     at EventEmitter.emit (events.js:191:7)
14 verbose stack     at ChildProcess.<anonymous> (C:\Program Files\nodejs\node_modules\npm\lib\utils\spawn.js:40:14)
14 verbose stack     at emitTwo (events.js:106:13)
14 verbose stack     at ChildProcess.emit (events.js:191:7)
14 verbose stack     at maybeClose (internal/child_process.js:920:16)
14 verbose stack     at Process.ChildProcess._handle.onexit (internal/child_process.js:230:5)
15 verbose pkgid uikit@3.0.0-beta.37
16 verbose cwd C:\Users\brian\Desktop\demo\uikit
17 error Windows_NT 10.0.16299
18 error argv "C:\\Program Files\\nodejs\\node.exe" "C:\\Program Files\\nodejs\\node_modules\\npm\\bin\\npm-cli.js" "run" "compile"
19 error node v6.11.5
20 error npm  v3.10.10
21 error code ELIFECYCLE
22 error uikit@3.0.0-beta.37 compile: `npm run compile-less && npm run compile-js`
22 error Exit status 1
23 error Failed at the uikit@3.0.0-beta.37 compile script 'npm run compile-less && npm run compile-js'.
23 error Make sure you have the latest version of node.js and npm installed.
23 error If you do, this is most likely a problem with the uikit package,
23 error not with npm itself.
23 error Tell the author that this fails on your system:
23 error     npm run compile-less && npm run compile-js
23 error You can get information on how to open an issue for this project with:
23 error     npm bugs uikit
23 error Or if that isn't available, you can get their info via:
23 error     npm owner ls uikit
23 error There is likely additional logging output above.
24 verbose exit [ 1, true ]
